# JRE version: OpenJDK Runtime Environment Temurin-19.0.1+10 (19.0.1+10) (build 19.0.1+10)
# Java VM: OpenJDK 64-Bit Server VM Temurin-19.0.1+10 (19.0.1+10, mixed mode, tiered, compressed oops, compressed class ptrs, g1 gc, windows-amd64)
GC Precious Log:
 CardTable entry size: 512
 Card Set container configuration: InlinePtr #cards 5 size 8 Array Of Cards #cards 12 size 40 Howl #buckets 4 coarsen threshold 1843 Howl Bitmap #cards 512 size 80 coarsen threshold 460 Card regions per heap region 1 cards per card region 2048
 CPUs: 8 total, 8 available
 Memory: 7987M
 Large Page Support: Disabled
 NUMA Support: Disabled
 Compressed Oops: Enabled (32-bit)
 Heap Region Size: 1M
 Heap Min Capacity: 8M
 Heap Initial Capacity: 126M
 Heap Max Capacity: 1998M
 Pre-touch: Disabled
 Parallel Workers: 8
 Concurrent Workers: 2
 Concurrent Refinement Workers: 8
 Periodic GC: Disabled
Heap:
 garbage-first heap   total 43008K, used 24559K [0x0000000083200000, 0x0000000100000000)
  region size 1024K, 1 young (1024K), 1 survivors (1024K)
 Metaspace       used 40992K, committed 41280K, reserved 1114112K
  class space    used 4524K, committed 4672K, reserved 1048576K
GC Heap History (17 events):
Event: 0.927 GC heap before
{Heap before GC invocations=0 (full 0):
 garbage-first heap   total 129024K, used 22528K [0x0000000083200000, 0x0000000100000000)
  region size 1024K, 23 young (23552K), 0 survivors (0K)
 Metaspace       used 15400K, committed 15616K, reserved 1114112K
  class space    used 1358K, committed 1472K, reserved 1048576K
}
Event: 0.933 GC heap after
{Heap after GC invocations=1 (full 0):
 garbage-first heap   total 129024K, used 6240K [0x0000000083200000, 0x0000000100000000)
  region size 1024K, 3 young (3072K), 3 survivors (3072K)
 Metaspace       used 15400K, committed 15616K, reserved 1114112K
  class space    used 1358K, committed 1472K, reserved 1048576K
}
Event: 1.359 GC heap before
{Heap before GC invocations=1 (full 0):
 garbage-first heap   total 129024K, used 26720K [0x0000000083200000, 0x0000000100000000)
  region size 1024K, 25 young (25600K), 3 survivors (3072K)
 Metaspace       used 21335K, committed 21504K, reserved 1114112K
  class space    used 2075K, committed 2176K, reserved 1048576K
}
Event: 1.364 GC heap after
{Heap after GC invocations=2 (full 0):
 garbage-first heap   total 129024K, used 7141K [0x0000000083200000, 0x0000000100000000)
  region size 1024K, 2 young (2048K), 2 survivors (2048K)
 Metaspace       used 21335K, committed 21504K, reserved 1114112K
  class space    used 2075K, committed 2176K, reserved 1048576K
}
Event: 6.442 GC heap before
{Heap before GC invocations=3 (full 0):
 garbage-first heap   total 30720K, used 28645K [0x0000000083200000, 0x0000000100000000)
  region size 1024K, 24 young (24576K), 2 survivors (2048K)
 Metaspace       used 29179K, committed 29440K, reserved 1114112K
  class space    used 2980K, committed 3072K, reserved 1048576K
}
Event: 6.448 GC heap after
{Heap after GC invocations=4 (full 0):
 garbage-first heap   total 35840K, used 11156K [0x0000000083200000, 0x0000000100000000)
  region size 1024K, 5 young (5120K), 5 survivors (5120K)
 Metaspace       used 29179K, committed 29440K, reserved 1114112K
  class space    used 2980K, committed 3072K, reserved 1048576K
}
Event: 6.751 GC heap before
{Heap before GC invocations=4 (full 0):
 garbage-first heap   total 35840K, used 24468K [0x0000000083200000, 0x0000000100000000)
  region size 1024K, 18 young (18432K), 5 survivors (5120K)
 Metaspace       used 33355K, committed 33600K, reserved 1114112K
  class space    used 3485K, committed 3584K, reserved 1048576K
}
Event: 6.755 GC heap after
{Heap after GC invocations=5 (full 0):
 garbage-first heap   total 35840K, used 11151K [0x0000000083200000, 0x0000000100000000)
  region size 1024K, 2 young (2048K), 2 survivors (2048K)
 Metaspace       used 33355K, committed 33600K, reserved 1114112K
  class space    used 3485K, committed 3584K, reserved 1048576K
}
Event: 7.056 GC heap before
{Heap before GC invocations=5 (full 0):
 garbage-first heap   total 35840K, used 18319K [0x0000000083200000, 0x0000000100000000)
  region size 1024K, 10 young (10240K), 2 survivors (2048K)
 Metaspace       used 35896K, committed 36160K, reserved 1114112K
  class space    used 3820K, committed 3968K, reserved 1048576K
}
Event: 7.058 GC heap after
{Heap after GC invocations=6 (full 0):
 garbage-first heap   total 35840K, used 11847K [0x0000000083200000, 0x0000000100000000)
  region size 1024K, 1 young (1024K), 1 survivors (1024K)
 Metaspace       used 35896K, committed 36160K, reserved 1114112K
  class space    used 3820K, committed 3968K, reserved 1048576K
}
Event: 17.355 GC heap before
{Heap before GC invocations=7 (full 0):
 garbage-first heap   total 35840K, used 34375K [0x0000000083200000, 0x0000000100000000)
  region size 1024K, 13 young (13312K), 1 survivors (1024K)
 Metaspace       used 38242K, committed 38528K, reserved 1114112K
  class space    used 4154K, committed 4288K, reserved 1048576K
}
Event: 17.358 GC heap after
{Heap after GC invocations=8 (full 0):
 garbage-first heap   total 37888K, used 23572K [0x0000000083200000, 0x0000000100000000)
  region size 1024K, 2 young (2048K), 2 survivors (2048K)
 Metaspace       used 38242K, committed 38528K, reserved 1114112K
  class space    used 4154K, committed 4288K, reserved 1048576K
}
Event: 17.378 GC heap before
{Heap before GC invocations=8 (full 0):
 garbage-first heap   total 37888K, used 24596K [0x0000000083200000, 0x0000000100000000)
  region size 1024K, 3 young (3072K), 2 survivors (2048K)
 Metaspace       used 38360K, committed 38656K, reserved 1114112K
  class space    used 4164K, committed 4288K, reserved 1048576K
}
Event: 17.382 GC heap after
{Heap after GC invocations=9 (full 0):
 garbage-first heap   total 37888K, used 23566K [0x0000000083200000, 0x0000000100000000)
  region size 1024K, 1 young (1024K), 1 survivors (1024K)
 Metaspace       used 38360K, committed 38656K, reserved 1114112K
  class space    used 4164K, committed 4288K, reserved 1048576K
}
Event: 17.517 GC heap before
{Heap before GC invocations=9 (full 0):
 garbage-first heap   total 37888K, used 27662K [0x0000000083200000, 0x0000000100000000)
  region size 1024K, 6 young (6144K), 1 survivors (1024K)
 Metaspace       used 39867K, committed 40192K, reserved 1114112K
  class space    used 4385K, committed 4544K, reserved 1048576K
}
Event: 17.520 GC heap after
{Heap after GC invocations=10 (full 0):
 garbage-first heap   total 37888K, used 23648K [0x0000000083200000, 0x0000000100000000)
  region size 1024K, 1 young (1024K), 1 survivors (1024K)
 Metaspace       used 39867K, committed 40192K, reserved 1114112K
  class space    used 4385K, committed 4544K, reserved 1048576K
}
Event: 17.703 GC heap before
{Heap before GC invocations=11 (full 0):
 garbage-first heap   total 43008K, used 29792K [0x0000000083200000, 0x0000000100000000)
  region size 1024K, 7 young (7168K), 1 survivors (1024K)
 Metaspace       used 40992K, committed 41280K, reserved 1114112K
  class space    used 4524K, committed 4672K, reserved 1048576K
}

