# JRE version: OpenJDK Runtime Environment Temurin-19.0.1+10 (19.0.1+10) (build 19.0.1+10)
# Java VM: OpenJDK 64-Bit Server VM Temurin-19.0.1+10 (19.0.1+10, mixed mode, tiered, compressed oops, compressed class ptrs, g1 gc, windows-amd64)
GC Precious Log:
 CardTable entry size: 512
 Card Set container configuration: InlinePtr #cards 5 size 8 Array Of Cards #cards 12 size 40 Howl #buckets 4 coarsen threshold 1843 Howl Bitmap #cards 512 size 80 coarsen threshold 460 Card regions per heap region 1 cards per card region 2048
 CPUs: 8 total, 8 available
 Memory: 7987M
 Large Page Support: Disabled
 NUMA Support: Disabled
 Compressed Oops: Enabled (32-bit)
 Heap Region Size: 1M
 Heap Min Capacity: 8M
 Heap Initial Capacity: 126M
 Heap Max Capacity: 1998M
 Pre-touch: Disabled
 Parallel Workers: 8
 Concurrent Workers: 2
 Concurrent Refinement Workers: 8
 Periodic GC: Disabled
Heap:
 garbage-first heap   total 36864K, used 19810K [0x0000000083200000, 0x0000000100000000)
  region size 1024K, 4 young (4096K), 2 survivors (2048K)
 Metaspace       used 40782K, committed 41152K, reserved 1114112K
  class space    used 4522K, committed 4672K, reserved 1048576K
GC Heap History (16 events):
Event: 1.054 GC heap before
{Heap before GC invocations=0 (full 0):
 garbage-first heap   total 129024K, used 22528K [0x0000000083200000, 0x0000000100000000)
  region size 1024K, 23 young (23552K), 0 survivors (0K)
 Metaspace       used 15434K, committed 15616K, reserved 1114112K
  class space    used 1360K, committed 1472K, reserved 1048576K
}
Event: 1.059 GC heap after
{Heap after GC invocations=1 (full 0):
 garbage-first heap   total 129024K, used 5983K [0x0000000083200000, 0x0000000100000000)
  region size 1024K, 3 young (3072K), 3 survivors (3072K)
 Metaspace       used 15434K, committed 15616K, reserved 1114112K
  class space    used 1360K, committed 1472K, reserved 1048576K
}
Event: 1.710 GC heap before
{Heap before GC invocations=1 (full 0):
 garbage-first heap   total 129024K, used 26463K [0x0000000083200000, 0x0000000100000000)
  region size 1024K, 25 young (25600K), 3 survivors (3072K)
 Metaspace       used 21347K, committed 21504K, reserved 1114112K
  class space    used 2074K, committed 2112K, reserved 1048576K
}
Event: 1.714 GC heap after
{Heap after GC invocations=2 (full 0):
 garbage-first heap   total 129024K, used 7326K [0x0000000083200000, 0x0000000100000000)
  region size 1024K, 2 young (2048K), 2 survivors (2048K)
 Metaspace       used 21347K, committed 21504K, reserved 1114112K
  class space    used 2074K, committed 2112K, reserved 1048576K
}
Event: 6.830 GC heap before
{Heap before GC invocations=3 (full 0):
 garbage-first heap   total 30720K, used 28830K [0x0000000083200000, 0x0000000100000000)
  region size 1024K, 24 young (24576K), 2 survivors (2048K)
 Metaspace       used 28905K, committed 29120K, reserved 1114112K
  class space    used 2943K, committed 3072K, reserved 1048576K
}
Event: 6.837 GC heap after
{Heap after GC invocations=4 (full 0):
 garbage-first heap   total 36864K, used 11602K [0x0000000083200000, 0x0000000100000000)
  region size 1024K, 6 young (6144K), 6 survivors (6144K)
 Metaspace       used 28905K, committed 29120K, reserved 1114112K
  class space    used 2943K, committed 3072K, reserved 1048576K
}
Event: 7.272 GC heap before
{Heap before GC invocations=4 (full 0):
 garbage-first heap   total 36864K, used 24914K [0x0000000083200000, 0x0000000100000000)
  region size 1024K, 19 young (19456K), 6 survivors (6144K)
 Metaspace       used 33341K, committed 33664K, reserved 1114112K
  class space    used 3495K, committed 3648K, reserved 1048576K
}
Event: 7.276 GC heap after
{Heap after GC invocations=5 (full 0):
 garbage-first heap   total 36864K, used 11287K [0x0000000083200000, 0x0000000100000000)
  region size 1024K, 2 young (2048K), 2 survivors (2048K)
 Metaspace       used 33341K, committed 33664K, reserved 1114112K
  class space    used 3495K, committed 3648K, reserved 1048576K
}
Event: 10.813 GC heap before
{Heap before GC invocations=5 (full 0):
 garbage-first heap   total 36864K, used 21527K [0x0000000083200000, 0x0000000100000000)
  region size 1024K, 9 young (9216K), 2 survivors (2048K)
 Metaspace       used 35852K, committed 36096K, reserved 1114112K
  class space    used 3813K, committed 3904K, reserved 1048576K
}
Event: 10.817 GC heap after
{Heap after GC invocations=6 (full 0):
 garbage-first heap   total 36864K, used 17008K [0x0000000083200000, 0x0000000100000000)
  region size 1024K, 1 young (1024K), 1 survivors (1024K)
 Metaspace       used 35852K, committed 36096K, reserved 1114112K
  class space    used 3813K, committed 3904K, reserved 1048576K
}
Event: 11.165 GC heap before
{Heap before GC invocations=7 (full 0):
 garbage-first heap   total 36864K, used 26224K [0x0000000083200000, 0x0000000100000000)
  region size 1024K, 10 young (10240K), 1 survivors (1024K)
 Metaspace       used 37883K, committed 38208K, reserved 1114112K
  class space    used 4134K, committed 4288K, reserved 1048576K
}
Event: 11.168 GC heap after
{Heap after GC invocations=8 (full 0):
 garbage-first heap   total 36864K, used 17619K [0x0000000083200000, 0x0000000100000000)
  region size 1024K, 2 young (2048K), 2 survivors (2048K)
 Metaspace       used 37883K, committed 38208K, reserved 1114112K
  class space    used 4134K, committed 4288K, reserved 1048576K
}
Event: 11.194 GC heap before
{Heap before GC invocations=8 (full 0):
 garbage-first heap   total 36864K, used 18643K [0x0000000083200000, 0x0000000100000000)
  region size 1024K, 3 young (3072K), 2 survivors (2048K)
 Metaspace       used 38050K, committed 38336K, reserved 1114112K
  class space    used 4152K, committed 4288K, reserved 1048576K
}
Event: 11.198 GC heap after
{Heap after GC invocations=9 (full 0):
 garbage-first heap   total 36864K, used 17841K [0x0000000083200000, 0x0000000100000000)
  region size 1024K, 1 young (1024K), 1 survivors (1024K)
 Metaspace       used 38050K, committed 38336K, reserved 1114112K
  class space    used 4152K, committed 4288K, reserved 1048576K
}
Event: 11.472 GC heap before
{Heap before GC invocations=9 (full 0):
 garbage-first heap   total 36864K, used 26033K [0x0000000083200000, 0x0000000100000000)
  region size 1024K, 10 young (10240K), 1 survivors (1024K)
 Metaspace       used 40581K, committed 40960K, reserved 1114112K
  class space    used 4506K, committed 4672K, reserved 1048576K
}
Event: 11.475 GC heap after
{Heap after GC invocations=10 (full 0):
 garbage-first heap   total 36864K, used 18786K [0x0000000083200000, 0x0000000100000000)
  region size 1024K, 2 young (2048K), 2 survivors (2048K)
 Metaspace       used 40581K, committed 40960K, reserved 1114112K
  class space    used 4506K, committed 4672K, reserved 1048576K
}

