<?xml version="1.0" encoding="UTF-8"?>
<!-- Generated by org.testng.reporters.JUnitXMLReporter -->
<testsuite ignored="2" hostname="LAPTOP-QQAI18EO" failures="0" tests="2" name="Test" time="8.865" errors="0" timestamp="2025-04-02T10:35:45 IST">
  <testcase classname="com.test.LoginTest" name="verifyTest1" time="4.476"/>
  <testcase classname="com.test.ProductTest" name="backTOLogin" time="0.758"/>
  <testcase classname="com.base.BaseTest" name="@AfterSuite tearDown" time="0.0">
    <ignored/>
  </testcase> <!-- @AfterSuite tearDown -->
  <testcase classname="com.base.BaseTest" name="@BeforeSuite setup" time="0.0">
    <ignored/>
  </testcase> <!-- @BeforeSuite setup -->
</testsuite> <!-- Test -->
