<?xml version="1.0" encoding="UTF-8"?>
<testng-results ignored="0" total="2" passed="2" failed="0" skipped="0">
  <reporter-output>
  </reporter-output>
  <suite started-at="2025-04-02T10:18:04 IST" name="Surefire suite" finished-at="2025-04-02T10:18:11 IST" duration-ms="6629">
    <groups>
    </groups>
    <test started-at="2025-04-02T10:18:04 IST" name="Surefire test" finished-at="2025-04-02T10:18:11 IST" duration-ms="6629">
      <class name="com.test.ProductTest">
        <test-method signature="backTOLogin()[pri:0, instance:com.test.ProductTest@1a72a540]" started-at="2025-04-02T10:18:10 IST" name="backTOLogin" finished-at="2025-04-02T10:18:11 IST" duration-ms="1347" status="PASS">
          <reporter-output>
          </reporter-output>
        </test-method> <!-- backTOLogin -->
      </class> <!-- com.test.ProductTest -->
      <class name="com.base.BaseTest">
        <test-method is-config="true" signature="setup()[pri:0, instance:com.base.BaseTest@27adc16e]" started-at="2025-04-02T10:17:36 IST" name="setup" finished-at="2025-04-02T10:18:04 IST" duration-ms="28047" status="PASS">
          <reporter-output>
          </reporter-output>
        </test-method> <!-- setup -->
        <test-method is-config="true" signature="tearDown()[pri:0, instance:com.base.BaseTest@27adc16e]" started-at="2025-04-02T10:18:11 IST" name="tearDown" finished-at="2025-04-02T10:18:11 IST" duration-ms="374" status="PASS">
          <reporter-output>
          </reporter-output>
        </test-method> <!-- tearDown -->
      </class> <!-- com.base.BaseTest -->
      <class name="com.test.LoginTest">
        <test-method signature="verifyTest1()[pri:0, instance:com.test.LoginTest@4e31276e]" started-at="2025-04-02T10:18:04 IST" name="verifyTest1" finished-at="2025-04-02T10:18:09 IST" duration-ms="5085" status="PASS">
          <reporter-output>
          </reporter-output>
        </test-method> <!-- verifyTest1 -->
      </class> <!-- com.test.LoginTest -->
    </test> <!-- Surefire test -->
  </suite> <!-- Surefire suite -->
</testng-results>
