<?xml version="1.0" encoding="UTF-8"?>
<testng-results ignored="2" total="4" passed="2" failed="0" skipped="0">
  <reporter-output>
  </reporter-output>
  <suite started-at="2025-04-02T10:35:36 IST" name="Suite" finished-at="2025-04-02T10:35:45 IST" duration-ms="8865">
    <groups>
    </groups>
    <test started-at="2025-04-02T10:35:36 IST" name="Test" finished-at="2025-04-02T10:35:45 IST" duration-ms="8865">
      <class name="com.test.ProductTest">
        <test-method signature="backTOLogin()[pri:0, instance:com.test.ProductTest@7446d8d5]" started-at="2025-04-02T10:35:43 IST" name="backTOLogin" finished-at="2025-04-02T10:35:43 IST" duration-ms="758" status="PASS">
          <reporter-output>
          </reporter-output>
        </test-method> <!-- backTOLogin -->
      </class> <!-- com.test.ProductTest -->
      <class name="com.test.LoginTest">
        <test-method is-config="true" signature="setup()[pri:0, instance:com.test.LoginTest@60dce7ea]" started-at="2025-04-02T10:35:08 IST" name="setup" finished-at="2025-04-02T10:35:36 IST" duration-ms="27600" status="PASS">
          <reporter-output>
          </reporter-output>
        </test-method> <!-- setup -->
        <test-method signature="verifyTest1()[pri:0, instance:com.test.LoginTest@60dce7ea]" started-at="2025-04-02T10:35:36 IST" name="verifyTest1" finished-at="2025-04-02T10:35:40 IST" duration-ms="4476" status="PASS">
          <reporter-output>
          </reporter-output>
        </test-method> <!-- verifyTest1 -->
        <test-method is-config="true" signature="tearDown()[pri:0, instance:com.test.LoginTest@60dce7ea]" started-at="2025-04-02T10:35:45 IST" name="tearDown" finished-at="2025-04-02T10:35:46 IST" duration-ms="340" status="PASS">
          <reporter-output>
          </reporter-output>
        </test-method> <!-- tearDown -->
      </class> <!-- com.test.LoginTest -->
    </test> <!-- Test -->
  </suite> <!-- Suite -->
</testng-results>
